f:\viusal studio document\麦洛克非系统安全\ark工具开发\暴力搜索进程\dispaly\x64\release\vc142.pdb
f:\viusal studio document\麦洛克非系统安全\ark工具开发\暴力搜索进程\dispaly\x64\release\qrc_dispaly.obj
f:\viusal studio document\麦洛克非系统安全\ark工具开发\暴力搜索进程\dispaly\x64\release\main.obj
f:\viusal studio document\麦洛克非系统安全\ark工具开发\暴力搜索进程\dispaly\x64\release\dispaly.obj
f:\viusal studio document\麦洛克非系统安全\ark工具开发\暴力搜索进程\dispaly\x64\release\moc_dispaly.obj
f:\viusal studio document\麦洛克非系统安全\ark工具开发\暴力搜索进程\dispaly\x64\release\qt\uic\ui_dispaly.h
f:\viusal studio document\麦洛克非系统安全\ark工具开发\暴力搜索进程\dispaly\x64\release\qt\rcc\qrc_dispaly.cpp
f:\viusal studio document\麦洛克非系统安全\ark工具开发\暴力搜索进程\dispaly\x64\release\qt\moc\moc_dispaly.cpp
f:\viusal studio document\麦洛克非系统安全\ark工具开发\暴力搜索进程\dispaly\x64\release\dispaly.ipdb
f:\viusal studio document\麦洛克非系统安全\ark工具开发\暴力搜索进程\dispaly\x64\release\dispaly.iobj
f:\viusal studio document\麦洛克非系统安全\ark工具开发\暴力搜索进程\dispaly\x64\release\dispaly.exe
f:\viusal studio document\麦洛克非系统安全\ark工具开发\暴力搜索进程\dispaly\x64\release\dispaly.tlog\cl.command.1.tlog
f:\viusal studio document\麦洛克非系统安全\ark工具开发\暴力搜索进程\dispaly\x64\release\dispaly.tlog\cl.read.1.tlog
f:\viusal studio document\麦洛克非系统安全\ark工具开发\暴力搜索进程\dispaly\x64\release\dispaly.tlog\cl.write.1.tlog
f:\viusal studio document\麦洛克非系统安全\ark工具开发\暴力搜索进程\dispaly\x64\release\dispaly.tlog\dispaly.write.1u.tlog
f:\viusal studio document\麦洛克非系统安全\ark工具开发\暴力搜索进程\dispaly\x64\release\dispaly.tlog\link.command.1.tlog
f:\viusal studio document\麦洛克非系统安全\ark工具开发\暴力搜索进程\dispaly\x64\release\dispaly.tlog\link.read.1.tlog
f:\viusal studio document\麦洛克非系统安全\ark工具开发\暴力搜索进程\dispaly\x64\release\dispaly.tlog\link.write.1.tlog
f:\viusal studio document\麦洛克非系统安全\ark工具开发\暴力搜索进程\dispaly\x64\release\dispaly.tlog\moc.read.1u.tlog
f:\viusal studio document\麦洛克非系统安全\ark工具开发\暴力搜索进程\dispaly\x64\release\dispaly.tlog\moc.write.1u.tlog
f:\viusal studio document\麦洛克非系统安全\ark工具开发\暴力搜索进程\dispaly\x64\release\dispaly.tlog\rcc.read.1u.tlog
f:\viusal studio document\麦洛克非系统安全\ark工具开发\暴力搜索进程\dispaly\x64\release\dispaly.tlog\rcc.write.1u.tlog
f:\viusal studio document\麦洛克非系统安全\ark工具开发\暴力搜索进程\dispaly\x64\release\dispaly.tlog\uic.read.1u.tlog
f:\viusal studio document\麦洛克非系统安全\ark工具开发\暴力搜索进程\dispaly\x64\release\dispaly.tlog\uic.write.1u.tlog
