f:\viusal studio document\麦洛克非系统安全\ark工具开发\暴力搜索进程\dispaly\x64\debug\vc142.pdb
f:\viusal studio document\麦洛克非系统安全\ark工具开发\暴力搜索进程\dispaly\x64\debug\vc142.idb
f:\viusal studio document\麦洛克非系统安全\ark工具开发\暴力搜索进程\dispaly\x64\debug\qrc_dispaly.obj
f:\viusal studio document\麦洛克非系统安全\ark工具开发\暴力搜索进程\dispaly\x64\debug\dispaly.obj
f:\viusal studio document\麦洛克非系统安全\ark工具开发\暴力搜索进程\dispaly\x64\debug\main.obj
f:\viusal studio document\麦洛克非系统安全\ark工具开发\暴力搜索进程\dispaly\x64\debug\moc_dispaly.obj
f:\viusal studio document\麦洛克非系统安全\ark工具开发\暴力搜索进程\dispaly\x64\debug\qt\uic\ui_dispaly.h
f:\viusal studio document\麦洛克非系统安全\ark工具开发\暴力搜索进程\dispaly\x64\debug\qt\rcc\qrc_dispaly.cpp
f:\viusal studio document\麦洛克非系统安全\ark工具开发\暴力搜索进程\dispaly\x64\debug\qt\moc\moc_dispaly.cpp
f:\viusal studio document\麦洛克非系统安全\ark工具开发\暴力搜索进程\dispaly\x64\debug\dispaly.exe
f:\viusal studio document\麦洛克非系统安全\ark工具开发\暴力搜索进程\dispaly\x64\debug\dispaly.ilk
f:\viusal studio document\麦洛克非系统安全\ark工具开发\暴力搜索进程\dispaly\x64\debug\dispaly.pdb
f:\viusal studio document\麦洛克非系统安全\ark工具开发\暴力搜索进程\dispaly\x64\debug\dispaly.tlog\cl.command.1.tlog
f:\viusal studio document\麦洛克非系统安全\ark工具开发\暴力搜索进程\dispaly\x64\debug\dispaly.tlog\cl.read.1.tlog
f:\viusal studio document\麦洛克非系统安全\ark工具开发\暴力搜索进程\dispaly\x64\debug\dispaly.tlog\cl.write.1.tlog
f:\viusal studio document\麦洛克非系统安全\ark工具开发\暴力搜索进程\dispaly\x64\debug\dispaly.tlog\dispaly.write.1u.tlog
f:\viusal studio document\麦洛克非系统安全\ark工具开发\暴力搜索进程\dispaly\x64\debug\dispaly.tlog\link.command.1.tlog
f:\viusal studio document\麦洛克非系统安全\ark工具开发\暴力搜索进程\dispaly\x64\debug\dispaly.tlog\link.read.1.tlog
f:\viusal studio document\麦洛克非系统安全\ark工具开发\暴力搜索进程\dispaly\x64\debug\dispaly.tlog\link.write.1.tlog
f:\viusal studio document\麦洛克非系统安全\ark工具开发\暴力搜索进程\dispaly\x64\debug\dispaly.tlog\moc.read.1u.tlog
f:\viusal studio document\麦洛克非系统安全\ark工具开发\暴力搜索进程\dispaly\x64\debug\dispaly.tlog\moc.write.1u.tlog
f:\viusal studio document\麦洛克非系统安全\ark工具开发\暴力搜索进程\dispaly\x64\debug\dispaly.tlog\rcc.read.1u.tlog
f:\viusal studio document\麦洛克非系统安全\ark工具开发\暴力搜索进程\dispaly\x64\debug\dispaly.tlog\rcc.write.1u.tlog
f:\viusal studio document\麦洛克非系统安全\ark工具开发\暴力搜索进程\dispaly\x64\debug\dispaly.tlog\uic.read.1u.tlog
f:\viusal studio document\麦洛克非系统安全\ark工具开发\暴力搜索进程\dispaly\x64\debug\dispaly.tlog\uic.write.1u.tlog
